android/app/build/intermediates/manifest_merge_blame_file/release/manifest-merger-blame-release-report.txt
1<?xml version="1.0" encoding="utf-8"?>
2<manifest xmlns:android="http://schemas.android.com/apk/res/android"
3    package="com.app.jeskir"
4    android:versionCode="4194305"
5    android:versionName="1.0" >
6
7    <uses-sdk
8        android:minSdkVersion="21"
8-->src\main\AndroidManifest.xml
9        android:targetSdkVersion="30" />
9-->src\main\AndroidManifest.xml
10
11    <uses-permission android:name="android.permission.INTERNET" />
11-->src\main\AndroidManifest.xml:4:3-65
11-->src\main\AndroidManifest.xml:4:20-62
12    <uses-permission android:name="android.permission.ACCESS_NETWORK_STATE" />
12-->src\main\AndroidManifest.xml:5:4-78
12-->src\main\AndroidManifest.xml:5:21-75
13    <uses-permission android:name="android.permission.READ_EXTERNAL_STORAGE" />
13-->src\main\AndroidManifest.xml:6:3-78
13-->src\main\AndroidManifest.xml:6:20-75
14    <uses-permission android:name="android.permission.WRITE_EXTERNAL_STORAGE" />
14-->src\main\AndroidManifest.xml:7:3-79
14-->src\main\AndroidManifest.xml:7:20-76
15
16    <application
16-->src\main\AndroidManifest.xml:9:5-31:19
17        android:name="com.app.jeskir.MainApplication"
17-->src\main\AndroidManifest.xml:10:7-38
18        android:allowBackup="false"
18-->src\main\AndroidManifest.xml:14:7-34
19        android:appComponentFactory="androidx.core.app.CoreComponentFactory"
19-->[androidx.core:core:1.1.0] AndroidManifest.xml:24:18-86
20        android:icon="@mipmap/ic_launcher"
20-->src\main\AndroidManifest.xml:12:7-41
21        android:label="@string/app_name"
21-->src\main\AndroidManifest.xml:11:7-39
22        android:roundIcon="@mipmap/ic_launcher_round"
22-->src\main\AndroidManifest.xml:13:7-52
23        android:theme="@style/AppTheme"
23-->src\main\AndroidManifest.xml:15:7-38
24        android:usesCleartextTraffic="true" >
24-->src\main\AndroidManifest.xml:16:7-42
25        <activity
25-->src\main\AndroidManifest.xml:18:7-29:18
26            android:name="com.app.jeskir.MainActivity"
26-->src\main\AndroidManifest.xml:19:9-37
27            android:configChanges="keyboard|keyboardHidden|orientation|screenSize|uiMode"
27-->src\main\AndroidManifest.xml:21:9-86
28            android:label="@string/app_name"
28-->src\main\AndroidManifest.xml:20:9-41
29            android:launchMode="singleTask"
29-->src\main\AndroidManifest.xml:23:9-40
30            android:screenOrientation="portrait"
30-->src\main\AndroidManifest.xml:22:9-45
31            android:windowSoftInputMode="adjustResize" >
31-->src\main\AndroidManifest.xml:24:9-51
32            <intent-filter>
32-->src\main\AndroidManifest.xml:25:9-28:25
33                <action android:name="android.intent.action.MAIN" />
33-->src\main\AndroidManifest.xml:26:13-65
33-->src\main\AndroidManifest.xml:26:21-62
34
35                <category android:name="android.intent.category.LAUNCHER" />
35-->src\main\AndroidManifest.xml:27:13-73
35-->src\main\AndroidManifest.xml:27:23-70
36            </intent-filter>
37        </activity>
38        <activity android:name="com.facebook.react.devsupport.DevSettingsActivity" />
38-->src\main\AndroidManifest.xml:30:7-84
38-->src\main\AndroidManifest.xml:30:17-81
39    </application>
40
41</manifest>